{"C:\\Users\\imamb\\Documents\\Hacktiv8\\fase2\\week3\\ip-alwi2022\\server\\app.js": {"path":"C:\\Users\\imamb\\Documents\\Hacktiv8\\fase2\\week3\\ip-alwi2022\\server\\app.js","statementMap":{"0":{"start":{"line":1,"column":0},"end":{"line":3,"column":1}},"1":{"start":{"line":2,"column":2},"end":{"line":2,"column":29}},"2":{"start":{"line":5,"column":16},"end":{"line":5,"column":34}},"3":{"start":{"line":6,"column":12},"end":{"line":6,"column":21}},"4":{"start":{"line":7,"column":15},"end":{"line":7,"column":35}},"5":{"start":{"line":8,"column":21},"end":{"line":8,"column":58}},"6":{"start":{"line":9,"column":13},"end":{"line":9,"column":28}},"7":{"start":{"line":11,"column":0},"end":{"line":11,"column":15}},"8":{"start":{"line":12,"column":0},"end":{"line":12,"column":49}},"9":{"start":{"line":13,"column":0},"end":{"line":13,"column":24}},"10":{"start":{"line":16,"column":0},"end":{"line":16,"column":16}},"11":{"start":{"line":18,"column":0},"end":{"line":18,"column":22}},"12":{"start":{"line":20,"column":0},"end":{"line":20,"column":20}}},"fnMap":{},"branchMap":{"0":{"loc":{"start":{"line":1,"column":0},"end":{"line":3,"column":1}},"type":"if","locations":[{"start":{"line":1,"column":0},"end":{"line":3,"column":1}},{"start":{},"end":{}}],"line":1}},"s":{"0":1,"1":1,"2":1,"3":1,"4":1,"5":1,"6":1,"7":1,"8":1,"9":1,"10":1,"11":1,"12":1},"f":{},"b":{"0":[1,0]},"_coverageSchema":"1a1c01bbd47fc00a2c39e90264f33305004495a9","hash":"45eb6ad96f9211d0a573637e4d392427d2146192"}
,"C:\\Users\\imamb\\Documents\\Hacktiv8\\fase2\\week3\\ip-alwi2022\\server\\Controllers\\ControlerCart.js": {"path":"C:\\Users\\imamb\\Documents\\Hacktiv8\\fase2\\week3\\ip-alwi2022\\server\\Controllers\\ControlerCart.js","statementMap":{"0":{"start":{"line":1,"column":33},"end":{"line":1,"column":53}},"1":{"start":{"line":5,"column":4},"end":{"line":22,"column":5}},"2":{"start":{"line":6,"column":27},"end":{"line":6,"column":35}},"3":{"start":{"line":7,"column":28},"end":{"line":7,"column":38}},"4":{"start":{"line":9,"column":22},"end":{"line":9,"column":55}},"5":{"start":{"line":11,"column":6},"end":{"line":11,"column":45}},"6":{"start":{"line":11,"column":20},"end":{"line":11,"column":45}},"7":{"start":{"line":13,"column":27},"end":{"line":17,"column":8}},"8":{"start":{"line":19,"column":6},"end":{"line":19,"column":40}},"9":{"start":{"line":21,"column":6},"end":{"line":21,"column":17}},"10":{"start":{"line":27,"column":4},"end":{"line":36,"column":5}},"11":{"start":{"line":28,"column":28},"end":{"line":31,"column":8}},"12":{"start":{"line":32,"column":6},"end":{"line":32,"column":41}},"13":{"start":{"line":35,"column":8},"end":{"line":35,"column":19}},"14":{"start":{"line":40,"column":4},"end":{"line":66,"column":3}},"15":{"start":{"line":41,"column":21},"end":{"line":41,"column":31}},"16":{"start":{"line":42,"column":27},"end":{"line":42,"column":35}},"17":{"start":{"line":45,"column":6},"end":{"line":47,"column":7}},"18":{"start":{"line":46,"column":10},"end":{"line":46,"column":82}},"19":{"start":{"line":49,"column":19},"end":{"line":49,"column":67}},"20":{"start":{"line":50,"column":6},"end":{"line":52,"column":7}},"21":{"start":{"line":51,"column":10},"end":{"line":51,"column":77}},"22":{"start":{"line":55,"column":28},"end":{"line":55,"column":57}},"23":{"start":{"line":58,"column":6},"end":{"line":61,"column":9}},"24":{"start":{"line":63,"column":6},"end":{"line":63,"column":50}},"25":{"start":{"line":65,"column":4},"end":{"line":65,"column":15}},"26":{"start":{"line":71,"column":4},"end":{"line":76,"column":5}},"27":{"start":{"line":72,"column":6},"end":{"line":72,"column":30}},"28":{"start":{"line":73,"column":6},"end":{"line":73,"column":65}},"29":{"start":{"line":75,"column":6},"end":{"line":75,"column":17}},"30":{"start":{"line":83,"column":0},"end":{"line":83,"column":32}}},"fnMap":{"0":{"name":"(anonymous_0)","decl":{"start":{"line":4,"column":2},"end":{"line":4,"column":3}},"loc":{"start":{"line":4,"column":40},"end":{"line":23,"column":3}},"line":4},"1":{"name":"(anonymous_1)","decl":{"start":{"line":26,"column":2},"end":{"line":26,"column":3}},"loc":{"start":{"line":26,"column":40},"end":{"line":37,"column":3}},"line":26},"2":{"name":"(anonymous_2)","decl":{"start":{"line":39,"column":2},"end":{"line":39,"column":3}},"loc":{"start":{"line":39,"column":43},"end":{"line":67,"column":3}},"line":39},"3":{"name":"(anonymous_3)","decl":{"start":{"line":70,"column":2},"end":{"line":70,"column":3}},"loc":{"start":{"line":70,"column":43},"end":{"line":77,"column":3}},"line":70}},"branchMap":{"0":{"loc":{"start":{"line":11,"column":6},"end":{"line":11,"column":45}},"type":"if","locations":[{"start":{"line":11,"column":6},"end":{"line":11,"column":45}},{"start":{},"end":{}}],"line":11},"1":{"loc":{"start":{"line":45,"column":6},"end":{"line":47,"column":7}},"type":"if","locations":[{"start":{"line":45,"column":6},"end":{"line":47,"column":7}},{"start":{},"end":{}}],"line":45},"2":{"loc":{"start":{"line":50,"column":6},"end":{"line":52,"column":7}},"type":"if","locations":[{"start":{"line":50,"column":6},"end":{"line":52,"column":7}},{"start":{},"end":{}}],"line":50}},"s":{"0":1,"1":0,"2":0,"3":0,"4":0,"5":0,"6":0,"7":0,"8":0,"9":0,"10":0,"11":0,"12":0,"13":0,"14":0,"15":0,"16":0,"17":0,"18":0,"19":0,"20":0,"21":0,"22":0,"23":0,"24":0,"25":0,"26":0,"27":0,"28":0,"29":0,"30":1},"f":{"0":0,"1":0,"2":0,"3":0},"b":{"0":[0,0],"1":[0,0],"2":[0,0]},"_coverageSchema":"1a1c01bbd47fc00a2c39e90264f33305004495a9","hash":"c2caba44757154df68987c01f29f37502186056e"}
,"C:\\Users\\imamb\\Documents\\Hacktiv8\\fase2\\week3\\ip-alwi2022\\server\\Controllers\\ControlerProduct.js": {"path":"C:\\Users\\imamb\\Documents\\Hacktiv8\\fase2\\week3\\ip-alwi2022\\server\\Controllers\\ControlerProduct.js","statementMap":{"0":{"start":{"line":1,"column":20},"end":{"line":1,"column":40}},"1":{"start":{"line":5,"column":4},"end":{"line":10,"column":5}},"2":{"start":{"line":6,"column":23},"end":{"line":6,"column":46}},"3":{"start":{"line":7,"column":6},"end":{"line":7,"column":37}},"4":{"start":{"line":9,"column":6},"end":{"line":9,"column":18}},"5":{"start":{"line":14,"column":19},"end":{"line":14,"column":29}},"6":{"start":{"line":15,"column":4},"end":{"line":27,"column":5}},"7":{"start":{"line":16,"column":22},"end":{"line":16,"column":48}},"8":{"start":{"line":17,"column":6},"end":{"line":17,"column":77}},"9":{"start":{"line":19,"column":6},"end":{"line":21,"column":7}},"10":{"start":{"line":20,"column":7},"end":{"line":20,"column":69}},"11":{"start":{"line":22,"column":6},"end":{"line":22,"column":36}},"12":{"start":{"line":24,"column":6},"end":{"line":24,"column":25}},"13":{"start":{"line":26,"column":6},"end":{"line":26,"column":18}},"14":{"start":{"line":31,"column":99},"end":{"line":31,"column":107}},"15":{"start":{"line":32,"column":4},"end":{"line":47,"column":5}},"16":{"start":{"line":33,"column":25},"end":{"line":43,"column":8}},"17":{"start":{"line":44,"column":6},"end":{"line":44,"column":39}},"18":{"start":{"line":46,"column":6},"end":{"line":46,"column":18}},"19":{"start":{"line":53,"column":19},"end":{"line":53,"column":29}},"20":{"start":{"line":54,"column":4},"end":{"line":64,"column":5}},"21":{"start":{"line":55,"column":22},"end":{"line":55,"column":48}},"22":{"start":{"line":56,"column":6},"end":{"line":58,"column":7}},"23":{"start":{"line":57,"column":8},"end":{"line":57,"column":70}},"24":{"start":{"line":60,"column":6},"end":{"line":60,"column":30}},"25":{"start":{"line":61,"column":6},"end":{"line":61,"column":72}},"26":{"start":{"line":63,"column":6},"end":{"line":63,"column":18}},"27":{"start":{"line":68,"column":0},"end":{"line":68,"column":35}}},"fnMap":{"0":{"name":"(anonymous_0)","decl":{"start":{"line":4,"column":2},"end":{"line":4,"column":3}},"loc":{"start":{"line":4,"column":46},"end":{"line":11,"column":3}},"line":4},"1":{"name":"(anonymous_1)","decl":{"start":{"line":13,"column":2},"end":{"line":13,"column":3}},"loc":{"start":{"line":13,"column":46},"end":{"line":28,"column":3}},"line":13},"2":{"name":"(anonymous_2)","decl":{"start":{"line":30,"column":2},"end":{"line":30,"column":3}},"loc":{"start":{"line":30,"column":42},"end":{"line":48,"column":3}},"line":30},"3":{"name":"(anonymous_3)","decl":{"start":{"line":52,"column":2},"end":{"line":52,"column":3}},"loc":{"start":{"line":52,"column":45},"end":{"line":65,"column":3}},"line":52}},"branchMap":{"0":{"loc":{"start":{"line":19,"column":6},"end":{"line":21,"column":7}},"type":"if","locations":[{"start":{"line":19,"column":6},"end":{"line":21,"column":7}},{"start":{},"end":{}}],"line":19},"1":{"loc":{"start":{"line":56,"column":6},"end":{"line":58,"column":7}},"type":"if","locations":[{"start":{"line":56,"column":6},"end":{"line":58,"column":7}},{"start":{},"end":{}}],"line":56}},"s":{"0":1,"1":0,"2":0,"3":0,"4":0,"5":0,"6":0,"7":0,"8":0,"9":0,"10":0,"11":0,"12":0,"13":0,"14":0,"15":0,"16":0,"17":0,"18":0,"19":0,"20":0,"21":0,"22":0,"23":0,"24":0,"25":0,"26":0,"27":1},"f":{"0":0,"1":0,"2":0,"3":0},"b":{"0":[0,0],"1":[0,0]},"_coverageSchema":"1a1c01bbd47fc00a2c39e90264f33305004495a9","hash":"9dd4ac78fcbce5a4cc4966edf3085ff34b228072"}
,"C:\\Users\\imamb\\Documents\\Hacktiv8\\fase2\\week3\\ip-alwi2022\\server\\Controllers\\ControlerUser.js": {"path":"C:\\Users\\imamb\\Documents\\Hacktiv8\\fase2\\week3\\ip-alwi2022\\server\\Controllers\\ControlerUser.js","statementMap":{"0":{"start":{"line":1,"column":24},"end":{"line":1,"column":53}},"1":{"start":{"line":2,"column":17},"end":{"line":2,"column":38}},"2":{"start":{"line":3,"column":25},"end":{"line":3,"column":55}},"3":{"start":{"line":4,"column":22},"end":{"line":4,"column":47}},"4":{"start":{"line":5,"column":12},"end":{"line":5,"column":35}},"5":{"start":{"line":9,"column":4},"end":{"line":23,"column":5}},"6":{"start":{"line":10,"column":34},"end":{"line":10,"column":42}},"7":{"start":{"line":12,"column":22},"end":{"line":15,"column":8}},"8":{"start":{"line":17,"column":6},"end":{"line":20,"column":9}},"9":{"start":{"line":22,"column":6},"end":{"line":22,"column":16}},"10":{"start":{"line":27,"column":4},"end":{"line":58,"column":5}},"11":{"start":{"line":28,"column":34},"end":{"line":28,"column":42}},"12":{"start":{"line":29,"column":6},"end":{"line":31,"column":7}},"13":{"start":{"line":30,"column":8},"end":{"line":30,"column":40}},"14":{"start":{"line":33,"column":6},"end":{"line":35,"column":7}},"15":{"start":{"line":34,"column":8},"end":{"line":34,"column":43}},"16":{"start":{"line":37,"column":19},"end":{"line":41,"column":8}},"17":{"start":{"line":43,"column":6},"end":{"line":45,"column":7}},"18":{"start":{"line":44,"column":8},"end":{"line":44,"column":42}},"19":{"start":{"line":47,"column":23},"end":{"line":47,"column":59}},"20":{"start":{"line":49,"column":6},"end":{"line":51,"column":7}},"21":{"start":{"line":50,"column":8},"end":{"line":50,"column":42}},"22":{"start":{"line":53,"column":27},"end":{"line":53,"column":53}},"23":{"start":{"line":55,"column":6},"end":{"line":55,"column":45}},"24":{"start":{"line":57,"column":6},"end":{"line":57,"column":16}},"25":{"start":{"line":62,"column":4},"end":{"line":101,"column":5}},"26":{"start":{"line":63,"column":31},"end":{"line":63,"column":42}},"27":{"start":{"line":64,"column":21},"end":{"line":64,"column":67}},"28":{"start":{"line":65,"column":21},"end":{"line":68,"column":8}},"29":{"start":{"line":69,"column":22},"end":{"line":69,"column":41}},"30":{"start":{"line":71,"column":20},"end":{"line":71,"column":33}},"31":{"start":{"line":72,"column":19},"end":{"line":72,"column":31}},"32":{"start":{"line":74,"column":17},"end":{"line":78,"column":8}},"33":{"start":{"line":80,"column":6},"end":{"line":94,"column":7}},"34":{"start":{"line":81,"column":8},"end":{"line":89,"column":10}},"35":{"start":{"line":91,"column":8},"end":{"line":93,"column":9}},"36":{"start":{"line":92,"column":10},"end":{"line":92,"column":41}},"37":{"start":{"line":96,"column":27},"end":{"line":96,"column":53}},"38":{"start":{"line":98,"column":6},"end":{"line":98,"column":45}},"39":{"start":{"line":100,"column":6},"end":{"line":100,"column":16}},"40":{"start":{"line":106,"column":4},"end":{"line":110,"column":5}},"41":{"start":{"line":109,"column":6},"end":{"line":109,"column":17}},"42":{"start":{"line":114,"column":0},"end":{"line":114,"column":32}}},"fnMap":{"0":{"name":"(anonymous_0)","decl":{"start":{"line":8,"column":2},"end":{"line":8,"column":3}},"loc":{"start":{"line":8,"column":40},"end":{"line":24,"column":3}},"line":8},"1":{"name":"(anonymous_1)","decl":{"start":{"line":26,"column":2},"end":{"line":26,"column":3}},"loc":{"start":{"line":26,"column":37},"end":{"line":59,"column":3}},"line":26},"2":{"name":"(anonymous_2)","decl":{"start":{"line":61,"column":2},"end":{"line":61,"column":3}},"loc":{"start":{"line":61,"column":43},"end":{"line":102,"column":3}},"line":61},"3":{"name":"(anonymous_3)","decl":{"start":{"line":105,"column":2},"end":{"line":105,"column":3}},"loc":{"start":{"line":105,"column":43},"end":{"line":111,"column":3}},"line":105}},"branchMap":{"0":{"loc":{"start":{"line":29,"column":6},"end":{"line":31,"column":7}},"type":"if","locations":[{"start":{"line":29,"column":6},"end":{"line":31,"column":7}},{"start":{},"end":{}}],"line":29},"1":{"loc":{"start":{"line":33,"column":6},"end":{"line":35,"column":7}},"type":"if","locations":[{"start":{"line":33,"column":6},"end":{"line":35,"column":7}},{"start":{},"end":{}}],"line":33},"2":{"loc":{"start":{"line":43,"column":6},"end":{"line":45,"column":7}},"type":"if","locations":[{"start":{"line":43,"column":6},"end":{"line":45,"column":7}},{"start":{},"end":{}}],"line":43},"3":{"loc":{"start":{"line":49,"column":6},"end":{"line":51,"column":7}},"type":"if","locations":[{"start":{"line":49,"column":6},"end":{"line":51,"column":7}},{"start":{},"end":{}}],"line":49},"4":{"loc":{"start":{"line":80,"column":6},"end":{"line":94,"column":7}},"type":"if","locations":[{"start":{"line":80,"column":6},"end":{"line":94,"column":7}},{"start":{"line":90,"column":13},"end":{"line":94,"column":7}}],"line":80},"5":{"loc":{"start":{"line":91,"column":8},"end":{"line":93,"column":9}},"type":"if","locations":[{"start":{"line":91,"column":8},"end":{"line":93,"column":9}},{"start":{},"end":{}}],"line":91}},"s":{"0":1,"1":1,"2":1,"3":1,"4":1,"5":1,"6":1,"7":1,"8":0,"9":1,"10":6,"11":6,"12":6,"13":2,"14":4,"15":1,"16":3,"17":3,"18":1,"19":2,"20":2,"21":1,"22":1,"23":1,"24":5,"25":0,"26":0,"27":0,"28":0,"29":0,"30":0,"31":0,"32":0,"33":0,"34":0,"35":0,"36":0,"37":0,"38":0,"39":0,"40":0,"41":0,"42":1},"f":{"0":1,"1":6,"2":0,"3":0},"b":{"0":[2,4],"1":[1,3],"2":[1,2],"3":[1,1],"4":[0,0],"5":[0,0]},"_coverageSchema":"1a1c01bbd47fc00a2c39e90264f33305004495a9","hash":"fd7d3dc3f38169ee53453bd26e4a02a3416578f3"}
,"C:\\Users\\imamb\\Documents\\Hacktiv8\\fase2\\week3\\ip-alwi2022\\server\\Controllers\\PaymentControler.js": {"path":"C:\\Users\\imamb\\Documents\\Hacktiv8\\fase2\\week3\\ip-alwi2022\\server\\Controllers\\PaymentControler.js","statementMap":{"0":{"start":{"line":1,"column":23},"end":{"line":1,"column":49}},"1":{"start":{"line":2,"column":18},"end":{"line":2,"column":39}},"2":{"start":{"line":5,"column":4},"end":{"line":41,"column":5}},"3":{"start":{"line":9,"column":17},"end":{"line":12,"column":8}},"4":{"start":{"line":14,"column":20},"end":{"line":14,"column":44}},"5":{"start":{"line":15,"column":19},"end":{"line":15,"column":24}},"6":{"start":{"line":17,"column":22},"end":{"line":28,"column":7}},"7":{"start":{"line":30,"column":26},"end":{"line":30,"column":65}},"8":{"start":{"line":31,"column":29},"end":{"line":31,"column":46}},"9":{"start":{"line":33,"column":6},"end":{"line":37,"column":9}},"10":{"start":{"line":38,"column":4},"end":{"line":38,"column":64}},"11":{"start":{"line":40,"column":6},"end":{"line":40,"column":72}},"12":{"start":{"line":45,"column":0},"end":{"line":45,"column":34}}},"fnMap":{"0":{"name":"(anonymous_0)","decl":{"start":{"line":4,"column":2},"end":{"line":4,"column":3}},"loc":{"start":{"line":4,"column":42},"end":{"line":42,"column":3}},"line":4}},"branchMap":{},"s":{"0":1,"1":1,"2":0,"3":0,"4":0,"5":0,"6":0,"7":0,"8":0,"9":0,"10":0,"11":0,"12":1},"f":{"0":0},"b":{},"_coverageSchema":"1a1c01bbd47fc00a2c39e90264f33305004495a9","hash":"647164ac25c2e24a842847723a0459650a5791c2"}
,"C:\\Users\\imamb\\Documents\\Hacktiv8\\fase2\\week3\\ip-alwi2022\\server\\Helpers\\Gemini.js": {"path":"C:\\Users\\imamb\\Documents\\Hacktiv8\\fase2\\week3\\ip-alwi2022\\server\\Helpers\\Gemini.js","statementMap":{"0":{"start":{"line":1,"column":31},"end":{"line":1,"column":63}},"1":{"start":{"line":2,"column":0},"end":{"line":2,"column":27}},"2":{"start":{"line":4,"column":15},"end":{"line":17,"column":1}},"3":{"start":{"line":5,"column":2},"end":{"line":16,"column":3}},"4":{"start":{"line":6,"column":18},"end":{"line":6,"column":83}},"5":{"start":{"line":7,"column":18},"end":{"line":7,"column":73}},"6":{"start":{"line":9,"column":19},"end":{"line":9,"column":54}},"7":{"start":{"line":10,"column":17},"end":{"line":10,"column":45}},"8":{"start":{"line":12,"column":4},"end":{"line":12,"column":16}},"9":{"start":{"line":14,"column":4},"end":{"line":14,"column":52}},"10":{"start":{"line":15,"column":4},"end":{"line":15,"column":16}},"11":{"start":{"line":19,"column":0},"end":{"line":19,"column":24}}},"fnMap":{"0":{"name":"(anonymous_0)","decl":{"start":{"line":4,"column":15},"end":{"line":4,"column":16}},"loc":{"start":{"line":4,"column":33},"end":{"line":17,"column":1}},"line":4}},"branchMap":{},"s":{"0":1,"1":1,"2":1,"3":0,"4":0,"5":0,"6":0,"7":0,"8":0,"9":0,"10":0,"11":1},"f":{"0":0},"b":{},"_coverageSchema":"1a1c01bbd47fc00a2c39e90264f33305004495a9","hash":"ae34c5a3b07117f9ae69bf8779f9603cf92ce8aa"}
,"C:\\Users\\imamb\\Documents\\Hacktiv8\\fase2\\week3\\ip-alwi2022\\server\\Helpers\\bycrpts.js": {"path":"C:\\Users\\imamb\\Documents\\Hacktiv8\\fase2\\week3\\ip-alwi2022\\server\\Helpers\\bycrpts.js","statementMap":{"0":{"start":{"line":1,"column":15},"end":{"line":1,"column":34}},"1":{"start":{"line":4,"column":15},"end":{"line":4,"column":37}},"2":{"start":{"line":5,"column":2},"end":{"line":5,"column":40}},"3":{"start":{"line":9,"column":2},"end":{"line":9,"column":53}},"4":{"start":{"line":12,"column":0},"end":{"line":12,"column":42}}},"fnMap":{"0":{"name":"hashPass","decl":{"start":{"line":3,"column":9},"end":{"line":3,"column":17}},"loc":{"start":{"line":3,"column":28},"end":{"line":6,"column":1}},"line":3},"1":{"name":"comparePass","decl":{"start":{"line":8,"column":9},"end":{"line":8,"column":20}},"loc":{"start":{"line":8,"column":47},"end":{"line":10,"column":1}},"line":8}},"branchMap":{},"s":{"0":1,"1":3,"2":3,"3":2,"4":1},"f":{"0":3,"1":2},"b":{},"_coverageSchema":"1a1c01bbd47fc00a2c39e90264f33305004495a9","hash":"79dd59f47cd9c85490686844b542d2652157b0a9"}
,"C:\\Users\\imamb\\Documents\\Hacktiv8\\fase2\\week3\\ip-alwi2022\\server\\Helpers\\jwt.js": {"path":"C:\\Users\\imamb\\Documents\\Hacktiv8\\fase2\\week3\\ip-alwi2022\\server\\Helpers\\jwt.js","statementMap":{"0":{"start":{"line":1,"column":12},"end":{"line":1,"column":35}},"1":{"start":{"line":3,"column":15},"end":{"line":3,"column":33}},"2":{"start":{"line":6,"column":2},"end":{"line":6,"column":34}},"3":{"start":{"line":10,"column":2},"end":{"line":10,"column":34}},"4":{"start":{"line":13,"column":0},"end":{"line":13,"column":43}}},"fnMap":{"0":{"name":"signToken","decl":{"start":{"line":5,"column":9},"end":{"line":5,"column":18}},"loc":{"start":{"line":5,"column":28},"end":{"line":7,"column":1}},"line":5},"1":{"name":"verifyToken","decl":{"start":{"line":9,"column":9},"end":{"line":9,"column":20}},"loc":{"start":{"line":9,"column":28},"end":{"line":11,"column":1}},"line":9}},"branchMap":{},"s":{"0":1,"1":1,"2":1,"3":0,"4":1},"f":{"0":1,"1":0},"b":{},"_coverageSchema":"1a1c01bbd47fc00a2c39e90264f33305004495a9","hash":"4f1203c6940e9c1d4b6c845756f5bd381571af36"}
,"C:\\Users\\imamb\\Documents\\Hacktiv8\\fase2\\week3\\ip-alwi2022\\server\\Middlewares\\authentication.js": {"path":"C:\\Users\\imamb\\Documents\\Hacktiv8\\fase2\\week3\\ip-alwi2022\\server\\Middlewares\\authentication.js","statementMap":{"0":{"start":{"line":1,"column":24},"end":{"line":1,"column":49}},"1":{"start":{"line":2,"column":17},"end":{"line":2,"column":38}},"2":{"start":{"line":5,"column":2},"end":{"line":28,"column":3}},"3":{"start":{"line":6,"column":30},"end":{"line":6,"column":41}},"4":{"start":{"line":8,"column":4},"end":{"line":10,"column":5}},"5":{"start":{"line":9,"column":7},"end":{"line":9,"column":37}},"6":{"start":{"line":12,"column":18},"end":{"line":12,"column":45}},"7":{"start":{"line":16,"column":20},"end":{"line":16,"column":38}},"8":{"start":{"line":18,"column":17},"end":{"line":18,"column":48}},"9":{"start":{"line":20,"column":4},"end":{"line":22,"column":5}},"10":{"start":{"line":21,"column":7},"end":{"line":21,"column":38}},"11":{"start":{"line":24,"column":4},"end":{"line":24,"column":31}},"12":{"start":{"line":25,"column":4},"end":{"line":25,"column":11}},"13":{"start":{"line":27,"column":4},"end":{"line":27,"column":15}},"14":{"start":{"line":31,"column":0},"end":{"line":31,"column":32}}},"fnMap":{"0":{"name":"authentication","decl":{"start":{"line":4,"column":15},"end":{"line":4,"column":29}},"loc":{"start":{"line":4,"column":46},"end":{"line":29,"column":1}},"line":4}},"branchMap":{"0":{"loc":{"start":{"line":8,"column":4},"end":{"line":10,"column":5}},"type":"if","locations":[{"start":{"line":8,"column":4},"end":{"line":10,"column":5}},{"start":{},"end":{}}],"line":8},"1":{"loc":{"start":{"line":20,"column":4},"end":{"line":22,"column":5}},"type":"if","locations":[{"start":{"line":20,"column":4},"end":{"line":22,"column":5}},{"start":{},"end":{}}],"line":20}},"s":{"0":1,"1":1,"2":1,"3":1,"4":1,"5":1,"6":0,"7":0,"8":0,"9":0,"10":0,"11":0,"12":0,"13":1,"14":1},"f":{"0":1},"b":{"0":[1,0],"1":[0,0]},"_coverageSchema":"1a1c01bbd47fc00a2c39e90264f33305004495a9","hash":"da8d8726d06eae750b1e0e7cf2e74fe0c24fb0ab"}
,"C:\\Users\\imamb\\Documents\\Hacktiv8\\fase2\\week3\\ip-alwi2022\\server\\Middlewares\\authorization.js": {"path":"C:\\Users\\imamb\\Documents\\Hacktiv8\\fase2\\week3\\ip-alwi2022\\server\\Middlewares\\authorization.js","statementMap":{"0":{"start":{"line":1,"column":18},"end":{"line":1,"column":39}},"1":{"start":{"line":4,"column":2},"end":{"line":28,"column":3}},"2":{"start":{"line":5,"column":19},"end":{"line":5,"column":29}},"3":{"start":{"line":8,"column":17},"end":{"line":8,"column":76}},"4":{"start":{"line":9,"column":4},"end":{"line":9,"column":38}},"5":{"start":{"line":12,"column":20},"end":{"line":12,"column":44}},"6":{"start":{"line":13,"column":4},"end":{"line":13,"column":44}},"7":{"start":{"line":15,"column":4},"end":{"line":17,"column":5}},"8":{"start":{"line":16,"column":6},"end":{"line":16,"column":63}},"9":{"start":{"line":19,"column":4},"end":{"line":21,"column":5}},"10":{"start":{"line":20,"column":6},"end":{"line":20,"column":79}},"11":{"start":{"line":23,"column":4},"end":{"line":23,"column":20}},"12":{"start":{"line":24,"column":4},"end":{"line":24,"column":11}},"13":{"start":{"line":26,"column":4},"end":{"line":26,"column":49}},"14":{"start":{"line":27,"column":4},"end":{"line":27,"column":16}},"15":{"start":{"line":31,"column":0},"end":{"line":31,"column":31}}},"fnMap":{"0":{"name":"authorization","decl":{"start":{"line":3,"column":15},"end":{"line":3,"column":28}},"loc":{"start":{"line":3,"column":45},"end":{"line":29,"column":1}},"line":3}},"branchMap":{"0":{"loc":{"start":{"line":15,"column":4},"end":{"line":17,"column":5}},"type":"if","locations":[{"start":{"line":15,"column":4},"end":{"line":17,"column":5}},{"start":{},"end":{}}],"line":15},"1":{"loc":{"start":{"line":19,"column":4},"end":{"line":21,"column":5}},"type":"if","locations":[{"start":{"line":19,"column":4},"end":{"line":21,"column":5}},{"start":{},"end":{}}],"line":19}},"s":{"0":1,"1":0,"2":0,"3":0,"4":0,"5":0,"6":0,"7":0,"8":0,"9":0,"10":0,"11":0,"12":0,"13":0,"14":0,"15":1},"f":{"0":0},"b":{"0":[0,0],"1":[0,0]},"_coverageSchema":"1a1c01bbd47fc00a2c39e90264f33305004495a9","hash":"188a178c3fa0e7bb1bec9e2946813fcf402df37a"}
,"C:\\Users\\imamb\\Documents\\Hacktiv8\\fase2\\week3\\ip-alwi2022\\server\\Middlewares\\errorHandler.js": {"path":"C:\\Users\\imamb\\Documents\\Hacktiv8\\fase2\\week3\\ip-alwi2022\\server\\Middlewares\\errorHandler.js","statementMap":{"0":{"start":{"line":2,"column":17},"end":{"line":2,"column":20}},"1":{"start":{"line":4,"column":18},"end":{"line":4,"column":41}},"2":{"start":{"line":6,"column":4},"end":{"line":30,"column":5}},"3":{"start":{"line":7,"column":6},"end":{"line":7,"column":18}},"4":{"start":{"line":8,"column":6},"end":{"line":8,"column":35}},"5":{"start":{"line":9,"column":11},"end":{"line":30,"column":5}},"6":{"start":{"line":10,"column":6},"end":{"line":10,"column":18}},"7":{"start":{"line":11,"column":6},"end":{"line":11,"column":38}},"8":{"start":{"line":12,"column":11},"end":{"line":30,"column":5}},"9":{"start":{"line":13,"column":6},"end":{"line":13,"column":18}},"10":{"start":{"line":14,"column":6},"end":{"line":14,"column":44}},"11":{"start":{"line":15,"column":11},"end":{"line":30,"column":5}},"12":{"start":{"line":16,"column":6},"end":{"line":16,"column":18}},"13":{"start":{"line":17,"column":6},"end":{"line":17,"column":37}},"14":{"start":{"line":18,"column":11},"end":{"line":30,"column":5}},"15":{"start":{"line":19,"column":6},"end":{"line":19,"column":18}},"16":{"start":{"line":20,"column":6},"end":{"line":20,"column":39}},"17":{"start":{"line":21,"column":11},"end":{"line":30,"column":5}},"18":{"start":{"line":22,"column":6},"end":{"line":22,"column":18}},"19":{"start":{"line":23,"column":6},"end":{"line":23,"column":35}},"20":{"start":{"line":24,"column":11},"end":{"line":30,"column":5}},"21":{"start":{"line":25,"column":6},"end":{"line":25,"column":18}},"22":{"start":{"line":26,"column":6},"end":{"line":26,"column":31}},"23":{"start":{"line":27,"column":11},"end":{"line":30,"column":5}},"24":{"start":{"line":28,"column":6},"end":{"line":28,"column":18}},"25":{"start":{"line":29,"column":6},"end":{"line":29,"column":59}},"26":{"start":{"line":32,"column":4},"end":{"line":34,"column":6}},"27":{"start":{"line":37,"column":2},"end":{"line":37,"column":31}}},"fnMap":{"0":{"name":"errorHandler","decl":{"start":{"line":1,"column":9},"end":{"line":1,"column":21}},"loc":{"start":{"line":1,"column":43},"end":{"line":35,"column":3}},"line":1}},"branchMap":{"0":{"loc":{"start":{"line":6,"column":4},"end":{"line":30,"column":5}},"type":"if","locations":[{"start":{"line":6,"column":4},"end":{"line":30,"column":5}},{"start":{"line":9,"column":11},"end":{"line":30,"column":5}}],"line":6},"1":{"loc":{"start":{"line":9,"column":11},"end":{"line":30,"column":5}},"type":"if","locations":[{"start":{"line":9,"column":11},"end":{"line":30,"column":5}},{"start":{"line":12,"column":11},"end":{"line":30,"column":5}}],"line":9},"2":{"loc":{"start":{"line":12,"column":11},"end":{"line":30,"column":5}},"type":"if","locations":[{"start":{"line":12,"column":11},"end":{"line":30,"column":5}},{"start":{"line":15,"column":11},"end":{"line":30,"column":5}}],"line":12},"3":{"loc":{"start":{"line":15,"column":11},"end":{"line":30,"column":5}},"type":"if","locations":[{"start":{"line":15,"column":11},"end":{"line":30,"column":5}},{"start":{"line":18,"column":11},"end":{"line":30,"column":5}}],"line":15},"4":{"loc":{"start":{"line":15,"column":14},"end":{"line":15,"column":102}},"type":"binary-expr","locations":[{"start":{"line":15,"column":14},"end":{"line":15,"column":53}},{"start":{"line":15,"column":57},"end":{"line":15,"column":102}}],"line":15},"5":{"loc":{"start":{"line":18,"column":11},"end":{"line":30,"column":5}},"type":"if","locations":[{"start":{"line":18,"column":11},"end":{"line":30,"column":5}},{"start":{"line":21,"column":11},"end":{"line":30,"column":5}}],"line":18},"6":{"loc":{"start":{"line":21,"column":11},"end":{"line":30,"column":5}},"type":"if","locations":[{"start":{"line":21,"column":11},"end":{"line":30,"column":5}},{"start":{"line":24,"column":11},"end":{"line":30,"column":5}}],"line":21},"7":{"loc":{"start":{"line":24,"column":11},"end":{"line":30,"column":5}},"type":"if","locations":[{"start":{"line":24,"column":11},"end":{"line":30,"column":5}},{"start":{"line":27,"column":11},"end":{"line":30,"column":5}}],"line":24},"8":{"loc":{"start":{"line":24,"column":15},"end":{"line":24,"column":78}},"type":"binary-expr","locations":[{"start":{"line":24,"column":15},"end":{"line":24,"column":42}},{"start":{"line":24,"column":46},"end":{"line":24,"column":78}}],"line":24},"9":{"loc":{"start":{"line":27,"column":11},"end":{"line":30,"column":5}},"type":"if","locations":[{"start":{"line":27,"column":11},"end":{"line":30,"column":5}},{"start":{},"end":{}}],"line":27}},"s":{"0":7,"1":7,"2":7,"3":2,"4":2,"5":5,"6":1,"7":1,"8":4,"9":2,"10":2,"11":2,"12":1,"13":1,"14":1,"15":0,"16":0,"17":1,"18":0,"19":0,"20":1,"21":0,"22":0,"23":1,"24":0,"25":0,"26":7,"27":1},"f":{"0":7},"b":{"0":[2,5],"1":[1,4],"2":[2,2],"3":[1,1],"4":[2,1],"5":[0,1],"6":[0,1],"7":[0,1],"8":[1,1],"9":[0,1]},"_coverageSchema":"1a1c01bbd47fc00a2c39e90264f33305004495a9","hash":"a463750714b5588f58b895676ce18708ec0aa05e"}
,"C:\\Users\\imamb\\Documents\\Hacktiv8\\fase2\\week3\\ip-alwi2022\\server\\Router\\index.js": {"path":"C:\\Users\\imamb\\Documents\\Hacktiv8\\fase2\\week3\\ip-alwi2022\\server\\Router\\index.js","statementMap":{"0":{"start":{"line":1,"column":16},"end":{"line":1,"column":34}},"1":{"start":{"line":2,"column":15},"end":{"line":2,"column":31}},"2":{"start":{"line":3,"column":23},"end":{"line":3,"column":62}},"3":{"start":{"line":4,"column":22},"end":{"line":4,"column":61}},"4":{"start":{"line":5,"column":23},"end":{"line":5,"column":63}},"5":{"start":{"line":6,"column":22},"end":{"line":6,"column":61}},"6":{"start":{"line":7,"column":26},"end":{"line":7,"column":68}},"7":{"start":{"line":8,"column":15},"end":{"line":8,"column":43}},"8":{"start":{"line":9,"column":25},"end":{"line":9,"column":67}},"9":{"start":{"line":11,"column":0},"end":{"line":11,"column":44}},"10":{"start":{"line":12,"column":0},"end":{"line":12,"column":57}},"11":{"start":{"line":13,"column":0},"end":{"line":13,"column":50}},"12":{"start":{"line":15,"column":0},"end":{"line":24,"column":3}},"13":{"start":{"line":16,"column":2},"end":{"line":23,"column":3}},"14":{"start":{"line":17,"column":24},"end":{"line":17,"column":32}},"15":{"start":{"line":18,"column":23},"end":{"line":18,"column":44}},"16":{"start":{"line":20,"column":4},"end":{"line":20,"column":58}},"17":{"start":{"line":22,"column":4},"end":{"line":22,"column":16}},"18":{"start":{"line":26,"column":0},"end":{"line":26,"column":27}},"19":{"start":{"line":27,"column":0},"end":{"line":27,"column":45}},"20":{"start":{"line":28,"column":0},"end":{"line":28,"column":57}},"21":{"start":{"line":29,"column":0},"end":{"line":29,"column":67}},"22":{"start":{"line":30,"column":0},"end":{"line":30,"column":71}},"23":{"start":{"line":32,"column":0},"end":{"line":32,"column":70}},"24":{"start":{"line":33,"column":0},"end":{"line":33,"column":65}},"25":{"start":{"line":35,"column":0},"end":{"line":35,"column":58}},"26":{"start":{"line":36,"column":0},"end":{"line":36,"column":62}},"27":{"start":{"line":37,"column":0},"end":{"line":37,"column":55}},"28":{"start":{"line":38,"column":0},"end":{"line":38,"column":79}},"29":{"start":{"line":41,"column":0},"end":{"line":41,"column":24}}},"fnMap":{"0":{"name":"(anonymous_0)","decl":{"start":{"line":15,"column":21},"end":{"line":15,"column":22}},"loc":{"start":{"line":15,"column":47},"end":{"line":24,"column":1}},"line":15}},"branchMap":{},"s":{"0":1,"1":1,"2":1,"3":1,"4":1,"5":1,"6":1,"7":1,"8":1,"9":1,"10":1,"11":1,"12":1,"13":0,"14":0,"15":0,"16":0,"17":0,"18":1,"19":1,"20":1,"21":1,"22":1,"23":1,"24":1,"25":1,"26":1,"27":1,"28":1,"29":1},"f":{"0":0},"b":{},"_coverageSchema":"1a1c01bbd47fc00a2c39e90264f33305004495a9","hash":"14ee08cd6781d1e859e806f18b8bffdb825a9f17"}
,"C:\\Users\\imamb\\Documents\\Hacktiv8\\fase2\\week3\\ip-alwi2022\\server\\models\\chart.js": {"path":"C:\\Users\\imamb\\Documents\\Hacktiv8\\fase2\\week3\\ip-alwi2022\\server\\models\\chart.js","statementMap":{"0":{"start":{"line":4,"column":4},"end":{"line":4,"column":24}},"1":{"start":{"line":5,"column":0},"end":{"line":57,"column":2}},"2":{"start":{"line":14,"column":6},"end":{"line":14,"column":62}},"3":{"start":{"line":15,"column":6},"end":{"line":15,"column":56}},"4":{"start":{"line":18,"column":2},"end":{"line":55,"column":5}},"5":{"start":{"line":56,"column":2},"end":{"line":56,"column":15}}},"fnMap":{"0":{"name":"(anonymous_0)","decl":{"start":{"line":5,"column":17},"end":{"line":5,"column":18}},"loc":{"start":{"line":5,"column":43},"end":{"line":57,"column":1}},"line":5},"1":{"name":"(anonymous_1)","decl":{"start":{"line":12,"column":4},"end":{"line":12,"column":5}},"loc":{"start":{"line":12,"column":29},"end":{"line":16,"column":5}},"line":12}},"branchMap":{},"s":{"0":1,"1":1,"2":1,"3":1,"4":1,"5":1},"f":{"0":1,"1":1},"b":{},"_coverageSchema":"1a1c01bbd47fc00a2c39e90264f33305004495a9","hash":"c0e05871953fa25aa04630825bff168038218ad7"}
,"C:\\Users\\imamb\\Documents\\Hacktiv8\\fase2\\week3\\ip-alwi2022\\server\\models\\index.js": {"path":"C:\\Users\\imamb\\Documents\\Hacktiv8\\fase2\\week3\\ip-alwi2022\\server\\models\\index.js","statementMap":{"0":{"start":{"line":3,"column":11},"end":{"line":3,"column":24}},"1":{"start":{"line":4,"column":13},"end":{"line":4,"column":28}},"2":{"start":{"line":5,"column":18},"end":{"line":5,"column":38}},"3":{"start":{"line":6,"column":16},"end":{"line":6,"column":34}},"4":{"start":{"line":7,"column":17},"end":{"line":7,"column":42}},"5":{"start":{"line":8,"column":12},"end":{"line":8,"column":49}},"6":{"start":{"line":9,"column":15},"end":{"line":9,"column":65}},"7":{"start":{"line":10,"column":11},"end":{"line":10,"column":13}},"8":{"start":{"line":13,"column":0},"end":{"line":17,"column":1}},"9":{"start":{"line":14,"column":2},"end":{"line":14,"column":74}},"10":{"start":{"line":16,"column":2},"end":{"line":16,"column":87}},"11":{"start":{"line":19,"column":0},"end":{"line":32,"column":5}},"12":{"start":{"line":22,"column":4},"end":{"line":27,"column":6}},"13":{"start":{"line":30,"column":18},"end":{"line":30,"column":85}},"14":{"start":{"line":31,"column":4},"end":{"line":31,"column":27}},"15":{"start":{"line":34,"column":0},"end":{"line":38,"column":3}},"16":{"start":{"line":35,"column":2},"end":{"line":37,"column":3}},"17":{"start":{"line":36,"column":4},"end":{"line":36,"column":32}},"18":{"start":{"line":40,"column":0},"end":{"line":40,"column":25}},"19":{"start":{"line":41,"column":0},"end":{"line":41,"column":25}},"20":{"start":{"line":43,"column":0},"end":{"line":43,"column":20}}},"fnMap":{"0":{"name":"(anonymous_0)","decl":{"start":{"line":21,"column":10},"end":{"line":21,"column":11}},"loc":{"start":{"line":21,"column":18},"end":{"line":28,"column":3}},"line":21},"1":{"name":"(anonymous_1)","decl":{"start":{"line":29,"column":11},"end":{"line":29,"column":12}},"loc":{"start":{"line":29,"column":19},"end":{"line":32,"column":3}},"line":29},"2":{"name":"(anonymous_2)","decl":{"start":{"line":34,"column":24},"end":{"line":34,"column":25}},"loc":{"start":{"line":34,"column":37},"end":{"line":38,"column":1}},"line":34}},"branchMap":{"0":{"loc":{"start":{"line":8,"column":12},"end":{"line":8,"column":49}},"type":"binary-expr","locations":[{"start":{"line":8,"column":12},"end":{"line":8,"column":32}},{"start":{"line":8,"column":36},"end":{"line":8,"column":49}}],"line":8},"1":{"loc":{"start":{"line":13,"column":0},"end":{"line":17,"column":1}},"type":"if","locations":[{"start":{"line":13,"column":0},"end":{"line":17,"column":1}},{"start":{"line":15,"column":7},"end":{"line":17,"column":1}}],"line":13},"2":{"loc":{"start":{"line":23,"column":6},"end":{"line":26,"column":37}},"type":"binary-expr","locations":[{"start":{"line":23,"column":6},"end":{"line":23,"column":29}},{"start":{"line":24,"column":6},"end":{"line":24,"column":23}},{"start":{"line":25,"column":6},"end":{"line":25,"column":30}},{"start":{"line":26,"column":6},"end":{"line":26,"column":37}}],"line":23},"3":{"loc":{"start":{"line":35,"column":2},"end":{"line":37,"column":3}},"type":"if","locations":[{"start":{"line":35,"column":2},"end":{"line":37,"column":3}},{"start":{},"end":{}}],"line":35}},"s":{"0":1,"1":1,"2":1,"3":1,"4":1,"5":1,"6":1,"7":1,"8":1,"9":0,"10":1,"11":1,"12":5,"13":4,"14":4,"15":1,"16":4,"17":4,"18":1,"19":1,"20":1},"f":{"0":5,"1":4,"2":4},"b":{"0":[1,0],"1":[0,1],"2":[5,5,4,4],"3":[4,0]},"_coverageSchema":"1a1c01bbd47fc00a2c39e90264f33305004495a9","hash":"5825c79c0aedea2efd16cb6bf1f529bf43958071"}
,"C:\\Users\\imamb\\Documents\\Hacktiv8\\fase2\\week3\\ip-alwi2022\\server\\models\\order.js": {"path":"C:\\Users\\imamb\\Documents\\Hacktiv8\\fase2\\week3\\ip-alwi2022\\server\\models\\order.js","statementMap":{"0":{"start":{"line":4,"column":4},"end":{"line":4,"column":24}},"1":{"start":{"line":5,"column":0},"end":{"line":28,"column":2}},"2":{"start":{"line":16,"column":2},"end":{"line":26,"column":5}},"3":{"start":{"line":27,"column":2},"end":{"line":27,"column":15}}},"fnMap":{"0":{"name":"(anonymous_0)","decl":{"start":{"line":5,"column":17},"end":{"line":5,"column":18}},"loc":{"start":{"line":5,"column":43},"end":{"line":28,"column":1}},"line":5},"1":{"name":"(anonymous_1)","decl":{"start":{"line":12,"column":4},"end":{"line":12,"column":5}},"loc":{"start":{"line":12,"column":29},"end":{"line":14,"column":5}},"line":12}},"branchMap":{},"s":{"0":1,"1":1,"2":1,"3":1},"f":{"0":1,"1":1},"b":{},"_coverageSchema":"1a1c01bbd47fc00a2c39e90264f33305004495a9","hash":"01b515ef399b72b8aa883b0ec3dd26d0ddca0200"}
,"C:\\Users\\imamb\\Documents\\Hacktiv8\\fase2\\week3\\ip-alwi2022\\server\\models\\product.js": {"path":"C:\\Users\\imamb\\Documents\\Hacktiv8\\fase2\\week3\\ip-alwi2022\\server\\models\\product.js","statementMap":{"0":{"start":{"line":4,"column":4},"end":{"line":4,"column":24}},"1":{"start":{"line":5,"column":0},"end":{"line":131,"column":2}},"2":{"start":{"line":14,"column":6},"end":{"line":14,"column":60}},"3":{"start":{"line":17,"column":2},"end":{"line":129,"column":5}},"4":{"start":{"line":130,"column":2},"end":{"line":130,"column":17}}},"fnMap":{"0":{"name":"(anonymous_0)","decl":{"start":{"line":5,"column":17},"end":{"line":5,"column":18}},"loc":{"start":{"line":5,"column":43},"end":{"line":131,"column":1}},"line":5},"1":{"name":"(anonymous_1)","decl":{"start":{"line":12,"column":4},"end":{"line":12,"column":5}},"loc":{"start":{"line":12,"column":29},"end":{"line":15,"column":5}},"line":12}},"branchMap":{},"s":{"0":1,"1":1,"2":1,"3":1,"4":1},"f":{"0":1,"1":1},"b":{},"_coverageSchema":"1a1c01bbd47fc00a2c39e90264f33305004495a9","hash":"ab9f85ff8cfb00a76380ec5e45daa928d62a5b23"}
,"C:\\Users\\imamb\\Documents\\Hacktiv8\\fase2\\week3\\ip-alwi2022\\server\\models\\user.js": {"path":"C:\\Users\\imamb\\Documents\\Hacktiv8\\fase2\\week3\\ip-alwi2022\\server\\models\\user.js","statementMap":{"0":{"start":{"line":4,"column":4},"end":{"line":4,"column":24}},"1":{"start":{"line":5,"column":21},"end":{"line":5,"column":50}},"2":{"start":{"line":6,"column":0},"end":{"line":57,"column":2}},"3":{"start":{"line":17,"column":2},"end":{"line":55,"column":5}},"4":{"start":{"line":51,"column":8},"end":{"line":51,"column":47}},"5":{"start":{"line":56,"column":2},"end":{"line":56,"column":14}}},"fnMap":{"0":{"name":"(anonymous_0)","decl":{"start":{"line":6,"column":17},"end":{"line":6,"column":18}},"loc":{"start":{"line":6,"column":43},"end":{"line":57,"column":1}},"line":6},"1":{"name":"(anonymous_1)","decl":{"start":{"line":13,"column":4},"end":{"line":13,"column":5}},"loc":{"start":{"line":13,"column":29},"end":{"line":15,"column":5}},"line":13},"2":{"name":"(anonymous_2)","decl":{"start":{"line":50,"column":6},"end":{"line":50,"column":7}},"loc":{"start":{"line":50,"column":25},"end":{"line":52,"column":7}},"line":50}},"branchMap":{},"s":{"0":1,"1":1,"2":1,"3":1,"4":0,"5":1},"f":{"0":1,"1":1,"2":0},"b":{},"_coverageSchema":"1a1c01bbd47fc00a2c39e90264f33305004495a9","hash":"9376c3e4b6656ac07cd4b23f634de9d0965ff337"}
}
