TN:
SF:app.js
FNF:0
FNH:0
DA:1,1
DA:2,1
DA:5,1
DA:6,1
DA:7,1
DA:8,1
DA:9,1
DA:11,1
DA:12,1
DA:13,1
DA:16,1
DA:18,1
DA:20,1
LF:13
LH:13
BRDA:1,0,0,1
BRDA:1,0,1,0
BRF:2
BRH:1
end_of_record
TN:
SF:Controllers\ControlerCart.js
FN:4,(anonymous_0)
FN:26,(anonymous_1)
FN:39,(anonymous_2)
FN:70,(anonymous_3)
FNF:4
FNH:0
FNDA:0,(anonymous_0)
FNDA:0,(anonymous_1)
FNDA:0,(anonymous_2)
FNDA:0,(anonymous_3)
DA:1,1
DA:5,0
DA:6,0
DA:7,0
DA:9,0
DA:11,0
DA:13,0
DA:19,0
DA:21,0
DA:27,0
DA:28,0
DA:32,0
DA:35,0
DA:40,0
DA:41,0
DA:42,0
DA:45,0
DA:46,0
DA:49,0
DA:50,0
DA:51,0
DA:55,0
DA:58,0
DA:63,0
DA:65,0
DA:71,0
DA:72,0
DA:73,0
DA:75,0
DA:83,1
LF:30
LH:2
BRDA:11,0,0,0
BRDA:11,0,1,0
BRDA:45,1,0,0
BRDA:45,1,1,0
BRDA:50,2,0,0
BRDA:50,2,1,0
BRF:6
BRH:0
end_of_record
TN:
SF:Controllers\ControlerProduct.js
FN:4,(anonymous_0)
FN:13,(anonymous_1)
FN:30,(anonymous_2)
FN:52,(anonymous_3)
FNF:4
FNH:0
FNDA:0,(anonymous_0)
FNDA:0,(anonymous_1)
FNDA:0,(anonymous_2)
FNDA:0,(anonymous_3)
DA:1,1
DA:5,0
DA:6,0
DA:7,0
DA:9,0
DA:14,0
DA:15,0
DA:16,0
DA:17,0
DA:19,0
DA:20,0
DA:22,0
DA:24,0
DA:26,0
DA:31,0
DA:32,0
DA:33,0
DA:44,0
DA:46,0
DA:53,0
DA:54,0
DA:55,0
DA:56,0
DA:57,0
DA:60,0
DA:61,0
DA:63,0
DA:68,1
LF:28
LH:2
BRDA:19,0,0,0
BRDA:19,0,1,0
BRDA:56,1,0,0
BRDA:56,1,1,0
BRF:4
BRH:0
end_of_record
TN:
SF:Controllers\ControlerUser.js
FN:8,(anonymous_0)
FN:26,(anonymous_1)
FN:61,(anonymous_2)
FN:105,(anonymous_3)
FNF:4
FNH:2
FNDA:1,(anonymous_0)
FNDA:6,(anonymous_1)
FNDA:0,(anonymous_2)
FNDA:0,(anonymous_3)
DA:1,1
DA:2,1
DA:3,1
DA:4,1
DA:5,1
DA:9,1
DA:10,1
DA:12,1
DA:17,0
DA:22,1
DA:27,6
DA:28,6
DA:29,6
DA:30,2
DA:33,4
DA:34,1
DA:37,3
DA:43,3
DA:44,1
DA:47,2
DA:49,2
DA:50,1
DA:53,1
DA:55,1
DA:57,5
DA:62,0
DA:63,0
DA:64,0
DA:65,0
DA:69,0
DA:71,0
DA:72,0
DA:74,0
DA:80,0
DA:81,0
DA:91,0
DA:92,0
DA:96,0
DA:98,0
DA:100,0
DA:106,0
DA:109,0
DA:114,1
LF:43
LH:25
BRDA:29,0,0,2
BRDA:29,0,1,4
BRDA:33,1,0,1
BRDA:33,1,1,3
BRDA:43,2,0,1
BRDA:43,2,1,2
BRDA:49,3,0,1
BRDA:49,3,1,1
BRDA:80,4,0,0
BRDA:80,4,1,0
BRDA:91,5,0,0
BRDA:91,5,1,0
BRF:12
BRH:8
end_of_record
TN:
SF:Controllers\PaymentControler.js
FN:4,(anonymous_0)
FNF:1
FNH:0
FNDA:0,(anonymous_0)
DA:1,1
DA:2,1
DA:5,0
DA:9,0
DA:14,0
DA:15,0
DA:17,0
DA:30,0
DA:31,0
DA:33,0
DA:38,0
DA:40,0
DA:45,1
LF:13
LH:3
BRF:0
BRH:0
end_of_record
TN:
SF:Helpers\Gemini.js
FN:4,(anonymous_0)
FNF:1
FNH:0
FNDA:0,(anonymous_0)
DA:1,1
DA:2,1
DA:4,1
DA:5,0
DA:6,0
DA:7,0
DA:9,0
DA:10,0
DA:12,0
DA:14,0
DA:15,0
DA:19,1
LF:12
LH:4
BRF:0
BRH:0
end_of_record
TN:
SF:Helpers\bycrpts.js
FN:3,hashPass
FN:8,comparePass
FNF:2
FNH:2
FNDA:3,hashPass
FNDA:2,comparePass
DA:1,1
DA:4,3
DA:5,3
DA:9,2
DA:12,1
LF:5
LH:5
BRF:0
BRH:0
end_of_record
TN:
SF:Helpers\jwt.js
FN:5,signToken
FN:9,verifyToken
FNF:2
FNH:1
FNDA:1,signToken
FNDA:0,verifyToken
DA:1,1
DA:3,1
DA:6,1
DA:10,0
DA:13,1
LF:5
LH:4
BRF:0
BRH:0
end_of_record
TN:
SF:Middlewares\authentication.js
FN:4,authentication
FNF:1
FNH:1
FNDA:1,authentication
DA:1,1
DA:2,1
DA:5,1
DA:6,1
DA:8,1
DA:9,1
DA:12,0
DA:16,0
DA:18,0
DA:20,0
DA:21,0
DA:24,0
DA:25,0
DA:27,1
DA:31,1
LF:15
LH:8
BRDA:8,0,0,1
BRDA:8,0,1,0
BRDA:20,1,0,0
BRDA:20,1,1,0
BRF:4
BRH:1
end_of_record
TN:
SF:Middlewares\authorization.js
FN:3,authorization
FNF:1
FNH:0
FNDA:0,authorization
DA:1,1
DA:4,0
DA:5,0
DA:8,0
DA:9,0
DA:12,0
DA:13,0
DA:15,0
DA:16,0
DA:19,0
DA:20,0
DA:23,0
DA:24,0
DA:26,0
DA:27,0
DA:31,1
LF:16
LH:2
BRDA:15,0,0,0
BRDA:15,0,1,0
BRDA:19,1,0,0
BRDA:19,1,1,0
BRF:4
BRH:0
end_of_record
TN:
SF:Middlewares\errorHandler.js
FN:1,errorHandler
FNF:1
FNH:1
FNDA:7,errorHandler
DA:2,7
DA:4,7
DA:6,7
DA:7,2
DA:8,2
DA:9,5
DA:10,1
DA:11,1
DA:12,4
DA:13,2
DA:14,2
DA:15,2
DA:16,1
DA:17,1
DA:18,1
DA:19,0
DA:20,0
DA:21,1
DA:22,0
DA:23,0
DA:24,1
DA:25,0
DA:26,0
DA:27,1
DA:28,0
DA:29,0
DA:32,7
DA:37,1
LF:28
LH:20
BRDA:6,0,0,2
BRDA:6,0,1,5
BRDA:9,1,0,1
BRDA:9,1,1,4
BRDA:12,2,0,2
BRDA:12,2,1,2
BRDA:15,3,0,1
BRDA:15,3,1,1
BRDA:15,4,0,2
BRDA:15,4,1,1
BRDA:18,5,0,0
BRDA:18,5,1,1
BRDA:21,6,0,0
BRDA:21,6,1,1
BRDA:24,7,0,0
BRDA:24,7,1,1
BRDA:24,8,0,1
BRDA:24,8,1,1
BRDA:27,9,0,0
BRDA:27,9,1,1
BRF:20
BRH:16
end_of_record
TN:
SF:Router\index.js
FN:15,(anonymous_0)
FNF:1
FNH:0
FNDA:0,(anonymous_0)
DA:1,1
DA:2,1
DA:3,1
DA:4,1
DA:5,1
DA:6,1
DA:7,1
DA:8,1
DA:9,1
DA:11,1
DA:12,1
DA:13,1
DA:15,1
DA:16,0
DA:17,0
DA:18,0
DA:20,0
DA:22,0
DA:26,1
DA:27,1
DA:28,1
DA:29,1
DA:30,1
DA:32,1
DA:33,1
DA:35,1
DA:36,1
DA:37,1
DA:38,1
DA:41,1
LF:30
LH:25
BRF:0
BRH:0
end_of_record
TN:
SF:models\chart.js
FN:5,(anonymous_0)
FN:12,(anonymous_1)
FNF:2
FNH:2
FNDA:1,(anonymous_0)
FNDA:1,(anonymous_1)
DA:4,1
DA:5,1
DA:14,1
DA:15,1
DA:18,1
DA:56,1
LF:6
LH:6
BRF:0
BRH:0
end_of_record
TN:
SF:models\index.js
FN:21,(anonymous_0)
FN:29,(anonymous_1)
FN:34,(anonymous_2)
FNF:3
FNH:3
FNDA:5,(anonymous_0)
FNDA:4,(anonymous_1)
FNDA:4,(anonymous_2)
DA:3,1
DA:4,1
DA:5,1
DA:6,1
DA:7,1
DA:8,1
DA:9,1
DA:10,1
DA:13,1
DA:14,0
DA:16,1
DA:19,1
DA:22,5
DA:30,4
DA:31,4
DA:34,1
DA:35,4
DA:36,4
DA:40,1
DA:41,1
DA:43,1
LF:21
LH:20
BRDA:8,0,0,1
BRDA:8,0,1,0
BRDA:13,1,0,0
BRDA:13,1,1,1
BRDA:23,2,0,5
BRDA:23,2,1,5
BRDA:23,2,2,4
BRDA:23,2,3,4
BRDA:35,3,0,4
BRDA:35,3,1,0
BRF:10
BRH:7
end_of_record
TN:
SF:models\order.js
FN:5,(anonymous_0)
FN:12,(anonymous_1)
FNF:2
FNH:2
FNDA:1,(anonymous_0)
FNDA:1,(anonymous_1)
DA:4,1
DA:5,1
DA:16,1
DA:27,1
LF:4
LH:4
BRF:0
BRH:0
end_of_record
TN:
SF:models\product.js
FN:5,(anonymous_0)
FN:12,(anonymous_1)
FNF:2
FNH:2
FNDA:1,(anonymous_0)
FNDA:1,(anonymous_1)
DA:4,1
DA:5,1
DA:14,1
DA:17,1
DA:130,1
LF:5
LH:5
BRF:0
BRH:0
end_of_record
TN:
SF:models\user.js
FN:6,(anonymous_0)
FN:13,(anonymous_1)
FN:50,(anonymous_2)
FNF:3
FNH:2
FNDA:1,(anonymous_0)
FNDA:1,(anonymous_1)
FNDA:0,(anonymous_2)
DA:4,1
DA:5,1
DA:6,1
DA:17,1
DA:51,0
DA:56,1
LF:6
LH:5
BRF:0
BRH:0
end_of_record
